{"level":"info","message":"Received a request to the root endpoint","service":"api-devops","timestamp":"2026-02-13T15:01:56.218Z"}
{"level":"info","message":"Received a request to the root endpoint","service":"api-devops","timestamp":"2026-02-13T17:30:20.514Z"}
{"level":"info","message":"::1 - - [13/Feb/2026:17:30:20 +0000] \"GET / HTTP/1.1\" 304 - \"-\" \"Mozilla/5.0 (Windows NT 10.0; Win64; x64) AppleWebKit/537.36 (KHTML, like Gecko) Chrome/144.0.0.0 Safari/537.36\"","service":"api-devops","timestamp":"2026-02-13T17:30:20.525Z"}
{"level":"info","message":"::1 - - [17/Feb/2026:11:04:42 +0000] \"POST /api/v1/auth/signup HTTP/1.1\" 404 158 \"-\" \"PostmanRuntime/7.39.1\"","service":"api-devops","timestamp":"2026-02-17T11:04:42.950Z"}
{"level":"info","message":"::1 - - [17/Feb/2026:11:05:01 +0000] \"POST /api/auth/signup HTTP/1.1\" 400 88 \"-\" \"PostmanRuntime/7.39.1\"","service":"api-devops","timestamp":"2026-02-17T11:05:01.190Z"}
{"level":"info","message":"User created: john@gmai.com with role user","service":"api-devops","timestamp":"2026-02-17T11:05:13.590Z"}
{"level":"error","message":"Signup error: zod_1.jwt.sign is not a function","service":"api-devops","stack":"TypeError: zod_1.jwt.sign is not a function\n    at signup (C:\\Users\\Acer\\Desktop\\projects\\backend\\api-devops\\src\\controllers\\auth.controllers.ts:36:39)\n    at processTicksAndRejections (node:internal/process/task_queues:105:5)","timestamp":"2026-02-17T11:05:13.593Z"}
{"level":"info","message":"::1 - - [17/Feb/2026:11:05:13 +0000] \"POST /api/auth/signup HTTP/1.1\" 500 379 \"-\" \"PostmanRuntime/7.39.1\"","service":"api-devops","timestamp":"2026-02-17T11:05:13.594Z"}
{"level":"error","message":"Error creating user: User already exists","service":"api-devops","stack":"Error: User already exists\n    at createUser (C:\\Users\\Acer\\Desktop\\projects\\backend\\api-devops\\src\\services\\auth.service.ts:44:13)\n    at processTicksAndRejections (node:internal/process/task_queues:105:5)\n    at async signup (C:\\Users\\Acer\\Desktop\\projects\\backend\\api-devops\\src\\controllers\\auth.controllers.ts:28:36)","timestamp":"2026-02-17T11:08:58.238Z"}
{"level":"error","message":"Signup error: Error creating user","service":"api-devops","stack":"Error: Error creating user\n    at createUser (C:\\Users\\Acer\\Desktop\\projects\\backend\\api-devops\\src\\services\\auth.service.ts:67:11)\n    at processTicksAndRejections (node:internal/process/task_queues:105:5)\n    at async signup (C:\\Users\\Acer\\Desktop\\projects\\backend\\api-devops\\src\\controllers\\auth.controllers.ts:28:36)","timestamp":"2026-02-17T11:08:58.241Z"}
{"level":"info","message":"::1 - - [17/Feb/2026:11:08:58 +0000] \"POST /api/auth/signup HTTP/1.1\" 500 486 \"-\" \"PostmanRuntime/7.39.1\"","service":"api-devops","timestamp":"2026-02-17T11:08:58.246Z"}
{"level":"error","message":"Error creating user: User already exists","service":"api-devops","stack":"Error: User already exists\n    at createUser (C:\\Users\\Acer\\Desktop\\projects\\backend\\api-devops\\src\\services\\auth.service.ts:44:13)\n    at processTicksAndRejections (node:internal/process/task_queues:105:5)\n    at async signup (C:\\Users\\Acer\\Desktop\\projects\\backend\\api-devops\\src\\controllers\\auth.controllers.ts:28:36)","timestamp":"2026-02-17T11:14:03.727Z"}
{"level":"error","message":"Signup error: Error creating user: User already exists","service":"api-devops","stack":"Error: Error creating user: User already exists\n    at createUser (C:\\Users\\Acer\\Desktop\\projects\\backend\\api-devops\\src\\services\\auth.service.ts:67:11)\n    at processTicksAndRejections (node:internal/process/task_queues:105:5)\n    at async signup (C:\\Users\\Acer\\Desktop\\projects\\backend\\api-devops\\src\\controllers\\auth.controllers.ts:28:36)","timestamp":"2026-02-17T11:14:03.731Z"}
{"level":"info","message":"::1 - - [17/Feb/2026:11:14:03 +0000] \"POST /api/auth/signup HTTP/1.1\" 500 507 \"-\" \"PostmanRuntime/7.39.1\"","service":"api-devops","timestamp":"2026-02-17T11:14:03.735Z"}
{"level":"info","message":"User created: john@gmai.com with role user","service":"api-devops","timestamp":"2026-02-17T11:14:20.932Z"}
{"level":"error","message":"Signup error: secretOrPrivateKey must have a value","service":"api-devops","stack":"Error: secretOrPrivateKey must have a value\n    at Object.module.exports [as sign] (C:\\Users\\Acer\\Desktop\\projects\\backend\\api-devops\\node_modules\\jsonwebtoken\\sign.js:111:20)\n    at signup (C:\\Users\\Acer\\Desktop\\projects\\backend\\api-devops\\src\\controllers\\auth.controllers.ts:35:39)\n    at processTicksAndRejections (node:internal/process/task_queues:105:5)","timestamp":"2026-02-17T11:14:20.934Z"}
{"level":"info","message":"::1 - - [17/Feb/2026:11:14:20 +0000] \"POST /api/auth/signup HTTP/1.1\" 500 524 \"-\" \"PostmanRuntime/7.39.1\"","service":"api-devops","timestamp":"2026-02-17T11:14:20.935Z"}
{"level":"info","message":"User created: john@gmai.com with role user","service":"api-devops","timestamp":"2026-02-17T11:15:25.807Z"}
{"level":"info","message":"::1 - - [17/Feb/2026:11:15:25 +0000] \"POST /api/auth/signup HTTP/1.1\" 201 146 \"-\" \"PostmanRuntime/7.39.1\"","service":"api-devops","timestamp":"2026-02-17T11:15:25.815Z"}
{"level":"info","message":"::1 - - [17/Feb/2026:11:52:49 +0000] \"POST /api/auth/login HTTP/1.1\" 401 39 \"-\" \"PostmanRuntime/7.39.1\"","service":"api-devops","timestamp":"2026-02-17T11:52:49.171Z"}
{"level":"info","message":"::1 - - [17/Feb/2026:11:53:22 +0000] \"POST /api/auth/login HTTP/1.1\" 401 39 \"-\" \"PostmanRuntime/7.39.1\"","service":"api-devops","timestamp":"2026-02-17T11:53:22.862Z"}
{"level":"info","message":"::1 - - [17/Feb/2026:11:53:31 +0000] \"POST /api/auth/login HTTP/1.1\" 401 39 \"-\" \"PostmanRuntime/7.39.1\"","service":"api-devops","timestamp":"2026-02-17T11:53:31.260Z"}
{"level":"info","message":"::1 - - [17/Feb/2026:11:53:54 +0000] \"POST /api/auth/login HTTP/1.1\" 401 39 \"-\" \"PostmanRuntime/7.39.1\"","service":"api-devops","timestamp":"2026-02-17T11:53:54.513Z"}
{"level":"info","message":"::1 - - [17/Feb/2026:11:54:17 +0000] \"POST /api/auth/login HTTP/1.1\" 401 39 \"-\" \"PostmanRuntime/7.39.1\"","service":"api-devops","timestamp":"2026-02-17T11:54:17.127Z"}
{"level":"info","message":"::1 - - [17/Feb/2026:11:54:36 +0000] \"POST /api/auth/login HTTP/1.1\" 401 39 \"-\" \"PostmanRuntime/7.39.1\"","service":"api-devops","timestamp":"2026-02-17T11:54:36.291Z"}
{"level":"info","message":"::1 - - [17/Feb/2026:12:01:27 +0000] \"POST /api/auth/login HTTP/1.1\" 401 39 \"-\" \"PostmanRuntime/7.39.1\"","service":"api-devops","timestamp":"2026-02-17T12:01:27.080Z"}
